Arguments: 
  C:\Program Files\nodejs\node.exe C:\Users\Lenovo\AppData\Roaming\npm\node_modules\yarn\bin\yarn.js add react-loader-spinner

PATH: 
  C:\Python310\Scripts\;C:\Python310\;C:\Program Files\Microsoft MPI\Bin\;C:\Program Files\Common Files\Oracle\Java\javapath;C:\Python39\Scripts\;C:\Python39\;C:\Windows\system32;C:\Windows;C:\Windows\System32\Wbem;C:\Windows\System32\WindowsPowerShell\v1.0\;C:\Windows\System32\OpenSSH\;C:\ProgramData\chocolatey\bin;C:\Program Files\Redis\;C:\Program Files\PuTTY\;C:\Program Files\Git\cmd;C:\Program Files (x86)\Microsoft SQL Server\150\Tools\Binn\;C:\Program Files\Microsoft SQL Server\150\Tools\Binn\;C:\Program Files (x86)\Microsoft SQL Server\150\DTS\Binn\;C:\Program Files\Microsoft SQL Server\150\DTS\Binn\;C:\Program Files\Microsoft SQL Server\Client SDK\ODBC\170\Tools\Binn\;C:\elkstack\logstash-7.15.0\bin;C:\elkstack\elasticsearch-7.15.0\bin;C:\Users\Lenovo\AppData\Roaming\nvm;C:\Program Files\nodejs;C:\Users\Lenovo\Downloads\ccloud;C:\Program Files\Amazon\AWSCLIV2\;C:\Windows\System32;C:\Users\Lenovo\AppData\Local\Programs\Microsoft VS Code\bin;C:\Users\Lenovo\AppData\Roaming\npm;C:\Windows\System32\AppData\Roaming\npm;C:\Users\Lenovo\AppData\Roaming\nvm;C:\Program Files\nodejs;C:\Program Files\MongoDB\Server\5.0\bin;C:\Users\Lenovo\Downloads\ccloud;

Yarn version: 
  1.22.11

Node version: 
  17.9.0

Platform: 
  win32 x64

Trace: 
  Error: https://registry.yarnpkg.com/@mui/icons-material/-/icons-material-5.8.2.tgz: ESOCKETTIMEDOUT
      at ClientRequest.<anonymous> (C:\Users\Lenovo\AppData\Roaming\npm\node_modules\yarn\lib\cli.js:141390:19)
      at Object.onceWrapper (node:events:641:28)
      at ClientRequest.emit (node:events:527:28)
      at TLSSocket.emitRequestTimeout (node:_http_client:771:9)
      at Object.onceWrapper (node:events:641:28)
      at TLSSocket.emit (node:events:539:35)
      at TLSSocket.Socket._onTimeout (node:net:522:8)
      at listOnTimeout (node:internal/timers:559:17)
      at processTimers (node:internal/timers:502:7)

npm manifest: 
  {
    "name": "app",
    "version": "0.1.0",
    "private": true,
    "dependencies": {
      "@mui/icons-material": "^5.8.2",
      "@mui/material": "^5.8.2",
      "@testing-library/jest-dom": "^5.16.4",
      "@testing-library/react": "^13.3.0",
      "@testing-library/user-event": "^13.5.0",
      "axios": "^0.27.2",
      "bootstrap": "^5.1.3",
      "formik": "^2.2.9",
      "react": "^18.1.0",
      "react-dom": "^18.1.0",
      "react-scripts": "5.0.1",
      "react-toastify": "^9.0.3",
      "web-vitals": "^2.1.4",
      "yup": "^0.32.11",
      "zod": "^3.17.3"
    },
    "scripts": {
      "start": "react-scripts start",
      "build": "react-scripts build",
      "test": "react-scripts test",
      "eject": "react-scripts eject"
    },
    "eslintConfig": {
      "extends": [
        "react-app",
        "react-app/jest"
      ]
    },
    "browserslist": {
      "production": [
        ">0.2%",
        "not dead",
        "not op_mini all"
      ],
      "development": [
        "last 1 chrome version",
        "last 1 firefox version",
        "last 1 safari version"
      ]
    }
  }

yarn manifest: 
  No manifest

Lockfile: 
  No lockfile
